#
# There is insufficient memory for the Java Runtime Environment to continue.
# Native memory allocation (mmap) failed to map 148897792 bytes for Failed to commit area from 0x00000000cdc00000 to 0x00000000d6a00000 of length 148897792.
# Possible reasons:
#   The system is out of physical RAM or swap space
#   The process is running with CompressedOops enabled, and the Java Heap may be blocking the growth of the native heap
# Possible solutions:
#   Reduce memory load on the system
#   Increase physical memory or swap space
#   Check if swap backing store is full
#   Decrease Java heap size (-Xmx/-Xms)
#   Decrease number of Java threads
#   Decrease Java thread stack sizes (-Xss)
#   Set larger code cache with -XX:ReservedCodeCacheSize=
#   JVM is running with Unscaled Compressed Oops mode in which the Java heap is
#     placed in the first 4GB address space. The Java Heap base address is the
#     maximum limit for the native heap growth. Please use -XX:HeapBaseMinAddress
#     to set the Java Heap base and to place the Java Heap above 4GB virtual address.
# This output file may be truncated or incomplete.
#
#  Out of Memory Error (./src/hotspot/os/windows/os_windows.cpp:3301), pid=9360, tid=18648
#
# JRE version: OpenJDK Runtime Environment (11.0.10) (build 11.0.10+0-b96-7249189)
# Java VM: OpenJDK 64-Bit Server VM (11.0.10+0-b96-7249189, mixed mode, tiered, compressed oops, g1 gc, windows-amd64)
# No core dump will be written. Minidumps are not enabled by default on client versions of Windows
#

---------------  S U M M A R Y ------------

Command Line: --add-opens=java.base/java.util=ALL-UNNAMED --add-opens=java.base/java.lang=ALL-UNNAMED --add-opens=java.base/java.lang.invoke=ALL-UNNAMED --add-opens=java.prefs/java.util.prefs=ALL-UNNAMED -Xmx1024m -Dfile.encoding=windows-1252 -Duser.country=ID -Duser.language=en -Duser.variant org.gradle.launcher.daemon.bootstrap.GradleDaemon 6.7.1

Host: Intel(R) Core(TM) i7-1065G7 CPU @ 1.30GHz, 8 cores, 7G,  Windows 10 , 64 bit Build 22000 (10.0.22000.318)
Time: Sat Jan  8 22:27:17 2022 SE Asia Standard Time elapsed time: 111.904984 seconds (0d 0h 1m 51s)

---------------  T H R E A D  ---------------

Current thread (0x0000017b39002800):  VMThread "VM Thread" [stack: 0x00000022cdc00000,0x00000022cdd00000] [id=18648]

Stack: [0x00000022cdc00000,0x00000022cdd00000]
[error occurred during error reporting (printing stack bounds), id 0xc0000005, EXCEPTION_ACCESS_VIOLATION (0xc0000005) at pc=0x0000017b245210e7]

Native frames: (J=compiled Java code, j=interpreted, Vv=VM code, C=native code)
V  [jvm.dll+0x5ecfaa]
V  [jvm.dll+0x722bd5]
V  [jvm.dll+0x72412d]
V  [jvm.dll+0x724745]
V  [jvm.dll+0x7246fb]
V  [jvm.dll+0x5ec348]
V  [jvm.dll+0x5ecad8]
C  [ntdll.dll+0xa82ff]
C  [ntdll.dll+0x35a0a]
C  [ntdll.dll+0xa730e]
C  0x0000017b245210e7

VM_Operation (0x00000022d1cfab20): G1CollectForAllocation, mode: safepoint, requested by thread 0x0000017b3bcd5800


---------------  P R O C E S S  ---------------

Threads class SMR info:
_java_thread_list=0x0000017b3dfcb780, length=39, elements={
0x0000017b1f21e800, 0x0000017b39004000, 0x0000017b39008000, 0x0000017b39026000,
0x0000017b39028800, 0x0000017b39029800, 0x0000017b39035000, 0x0000017b3903c800,
0x0000017b3903d800, 0x0000017b39af0800, 0x0000017b3b0c9000, 0x0000017b3a7b9800,
0x0000017b3ab03000, 0x0000017b3b4e7000, 0x0000017b3b8b9000, 0x0000017b3b814800,
0x0000017b3b82d800, 0x0000017b3b718800, 0x0000017b3b72a800, 0x0000017b3b72c000,
0x0000017b3b726800, 0x0000017b3b72d000, 0x0000017b3b727800, 0x0000017b3da7b000,
0x0000017b3da7d800, 0x0000017b3da7e000, 0x0000017b3bcd2000, 0x0000017b3bccf800,
0x0000017b3bcce800, 0x0000017b3bcce000, 0x0000017b3bcd4800, 0x0000017b3bcd0800,
0x0000017b3bcd5800, 0x0000017b3bcd6000, 0x0000017b3bcd7000, 0x0000017b3bcd1000,
0x0000017b3bcdb000, 0x0000017b3e889000, 0x0000017b39cc5800
}

Java Threads: ( => current thread )
  0x0000017b1f21e800 JavaThread "main" [_thread_blocked, id=16972, stack(0x00000022cd600000,0x00000022cd700000)]
  0x0000017b39004000 JavaThread "Reference Handler" daemon [_thread_blocked, id=15008, stack(0x00000022cdd00000,0x00000022cde00000)]
  0x0000017b39008000 JavaThread "Finalizer" daemon [_thread_blocked, id=18976, stack(0x00000022cde00000,0x00000022cdf00000)]
  0x0000017b39026000 JavaThread "Signal Dispatcher" daemon [_thread_blocked, id=10128, stack(0x00000022cdf00000,0x00000022ce000000)]
  0x0000017b39028800 JavaThread "Attach Listener" daemon [_thread_blocked, id=21564, stack(0x00000022ce000000,0x00000022ce100000)]
  0x0000017b39029800 JavaThread "Service Thread" daemon [_thread_blocked, id=20476, stack(0x00000022ce100000,0x00000022ce200000)]
  0x0000017b39035000 JavaThread "C2 CompilerThread0" daemon [_thread_in_native, id=1468, stack(0x00000022ce200000,0x00000022ce300000)]
  0x0000017b3903c800 JavaThread "C1 CompilerThread0" daemon [_thread_blocked, id=2340, stack(0x00000022ce300000,0x00000022ce400000)]
  0x0000017b3903d800 JavaThread "Sweeper thread" daemon [_thread_blocked, id=15856, stack(0x00000022ce400000,0x00000022ce500000)]
  0x0000017b39af0800 JavaThread "Common-Cleaner" daemon [_thread_blocked, id=4924, stack(0x00000022ce500000,0x00000022ce600000)]
  0x0000017b3b0c9000 JavaThread "Daemon health stats" [_thread_blocked, id=20908, stack(0x00000022ce900000,0x00000022cea00000)]
  0x0000017b3a7b9800 JavaThread "Incoming local TCP Connector on port 51969" [_thread_in_native, id=22472, stack(0x00000022cec00000,0x00000022ced00000)]
  0x0000017b3ab03000 JavaThread "Daemon periodic checks" [_thread_blocked, id=21324, stack(0x00000022ced00000,0x00000022cee00000)]
  0x0000017b3b4e7000 JavaThread "Daemon" [_thread_blocked, id=8636, stack(0x00000022cee00000,0x00000022cef00000)]
  0x0000017b3b8b9000 JavaThread "Handler for socket connection from /127.0.0.1:51969 to /127.0.0.1:51970" [_thread_in_native, id=19908, stack(0x00000022cef00000,0x00000022cf000000)]
  0x0000017b3b814800 JavaThread "Cancel handler" [_thread_blocked, id=13264, stack(0x00000022cf000000,0x00000022cf100000)]
  0x0000017b3b82d800 JavaThread "Daemon worker" [_thread_in_native, id=12772, stack(0x00000022cf100000,0x00000022cf200000)]
  0x0000017b3b718800 JavaThread "Asynchronous log dispatcher for DefaultDaemonConnection: socket connection from /127.0.0.1:51969 to /127.0.0.1:51970" [_thread_blocked, id=17684, stack(0x00000022cf200000,0x00000022cf300000)]
  0x0000017b3b72a800 JavaThread "Thread-8" [_thread_blocked, id=20852, stack(0x00000022cf400000,0x00000022cf500000)]
  0x0000017b3b72c000 JavaThread "Cache worker for file hash cache (C:\Users\Scherzo\.gradle\caches\6.7.1\fileHashes)" [_thread_blocked, id=14204, stack(0x00000022cfa00000,0x00000022cfb00000)]
  0x0000017b3b726800 JavaThread "File lock request listener" [_thread_in_native, id=20248, stack(0x00000022cfb00000,0x00000022cfc00000)]
  0x0000017b3b72d000 JavaThread "Cache worker for journal cache (C:\Users\Scherzo\.gradle\caches\journal-1)" [_thread_blocked, id=10816, stack(0x00000022cfd00000,0x00000022cfe00000)]
  0x0000017b3b727800 JavaThread "Cache worker for file hash cache (D:\Task_List_Julius\.gradle\6.7.1\fileHashes)" [_thread_blocked, id=22244, stack(0x00000022cfe00000,0x00000022cff00000)]
  0x0000017b3da7b000 JavaThread "Cache worker for checksums cache (D:\Task_List_Julius\.gradle\checksums)" [_thread_blocked, id=9916, stack(0x00000022d1300000,0x00000022d1400000)]
  0x0000017b3da7d800 JavaThread "Cache worker for cache directory md-supplier (C:\Users\Scherzo\.gradle\caches\6.7.1\md-supplier)" [_thread_blocked, id=20688, stack(0x00000022d1400000,0x00000022d1500000)]
  0x0000017b3da7e000 JavaThread "Cache worker for cache directory md-rule (C:\Users\Scherzo\.gradle\caches\6.7.1\md-rule)" [_thread_blocked, id=10392, stack(0x00000022d1500000,0x00000022d1600000)]
  0x0000017b3bcd2000 JavaThread "Cache worker for execution history cache (C:\Users\Scherzo\.gradle\caches\6.7.1\executionHistory)" [_thread_blocked, id=16376, stack(0x00000022d1600000,0x00000022d1700000)]
  0x0000017b3bccf800 JavaThread "Cache worker for file content cache (C:\Users\Scherzo\.gradle\caches\6.7.1\fileContent)" [_thread_blocked, id=20496, stack(0x00000022d1700000,0x00000022d1800000)]
  0x0000017b3bcce800 JavaThread "Cache worker for Build Output Cleanup Cache (D:\Task_List_Julius\.gradle\buildOutputCleanup)" [_thread_blocked, id=15908, stack(0x00000022d1800000,0x00000022d1900000)]
  0x0000017b3bcce000 JavaThread "Build operations" [_thread_blocked, id=19384, stack(0x00000022d1900000,0x00000022d1a00000)]
  0x0000017b3bcd4800 JavaThread "Build operations Thread 2" [_thread_blocked, id=20356, stack(0x00000022d1a00000,0x00000022d1b00000)]
  0x0000017b3bcd0800 JavaThread "Build operations Thread 3" [_thread_blocked, id=12448, stack(0x00000022d1b00000,0x00000022d1c00000)]
  0x0000017b3bcd5800 JavaThread "Build operations Thread 4" [_thread_blocked, id=20544, stack(0x00000022d1c00000,0x00000022d1d00000)]
  0x0000017b3bcd6000 JavaThread "Build operations Thread 5" [_thread_blocked, id=15992, stack(0x00000022d1d00000,0x00000022d1e00000)]
  0x0000017b3bcd7000 JavaThread "Build operations Thread 6" [_thread_blocked, id=20952, stack(0x00000022d1e00000,0x00000022d1f00000)]
  0x0000017b3bcd1000 JavaThread "Build operations Thread 7" [_thread_blocked, id=22044, stack(0x00000022d1f00000,0x00000022d2000000)]
  0x0000017b3bcdb000 JavaThread "Build operations Thread 8" [_thread_blocked, id=1320, stack(0x00000022d2000000,0x00000022d2100000)]
  0x0000017b3e889000 JavaThread "Memory manager" [_thread_blocked, id=21612, stack(0x00000022d8400000,0x00000022d8500000)]
  0x0000017b39cc5800 JavaThread "pool-3-thread-1" [_thread_blocked, id=22204, stack(0x00000022d8600000,0x00000022d8700000)]

Other Threads:
=>0x0000017b39002800 VMThread "VM Thread" [stack: 0x00000022cdc00000,0x00000022cdd00000] [id=18648]
  0x0000017b39af8000 WatcherThread [stack: 0x00000022ce600000,0x00000022ce700000] [id=14012]
  0x0000017b1f236800 GCTaskThread "GC Thread#0" [stack: 0x00000022cd700000,0x00000022cd800000] [id=7416]
  0x0000017b3a51c000 GCTaskThread "GC Thread#1" [stack: 0x00000022ce700000,0x00000022ce800000] [id=1780]
  0x0000017b3a3e8800 GCTaskThread "GC Thread#2" [stack: 0x00000022ce800000,0x00000022ce900000] [id=21708]
  0x0000017b3b71b000 GCTaskThread "GC Thread#3" [stack: 0x00000022cf500000,0x00000022cf600000] [id=22312]
  0x0000017b3b702800 GCTaskThread "GC Thread#4" [stack: 0x00000022cf600000,0x00000022cf700000] [id=21560]
  0x0000017b3baa9800 GCTaskThread "GC Thread#5" [stack: 0x00000022cf700000,0x00000022cf800000] [id=20612]
  0x0000017b3bacd000 GCTaskThread "GC Thread#6" [stack: 0x00000022cf800000,0x00000022cf900000] [id=21428]
  0x0000017b3bace000 GCTaskThread "GC Thread#7" [stack: 0x00000022cf900000,0x00000022cfa00000] [id=15196]
  0x0000017b1f254000 ConcurrentGCThread "G1 Main Marker" [stack: 0x00000022cd800000,0x00000022cd900000] [id=6636]
  0x0000017b1f255000 ConcurrentGCThread "G1 Conc#0" [stack: 0x00000022cd900000,0x00000022cda00000] [id=19500]
  0x0000017b3a56d800 ConcurrentGCThread "G1 Conc#1" [stack: 0x00000022cfc00000,0x00000022cfd00000] [id=11064]
  0x0000017b1f2f4000 ConcurrentGCThread "G1 Refine#0" [stack: 0x00000022cda00000,0x00000022cdb00000] [id=14944]
  0x0000017b1f2f5800 ConcurrentGCThread "G1 Young RemSet Sampling" [stack: 0x00000022cdb00000,0x00000022cdc00000] [id=11352]

Threads with active compile tasks:
C2 CompilerThread0 111937 14153       4       org.objectweb.asm.signature.SignatureReader::parseType (411 bytes)

VM state:at safepoint (normal execution)

VM Mutex/Monitor currently owned by a thread:  ([mutex/lock_event])
[0x0000017b1f21a090] Threads_lock - owner thread: 0x0000017b39002800
[0x0000017b1f21acf0] Heap_lock - owner thread: 0x0000017b3bcd5800

Heap address: 0x00000000c0000000, size: 1024 MB, Compressed Oops mode: 32-bit
Narrow klass base: 0x0000000000000000, Narrow klass shift: 3
Compressed class space size: 1073741824 Address: 0x0000000100000000

Heap:
 garbage-first heap   total 370688K, used 128311K [0x00000000c0000000, 0x0000000100000000)
  region size 1024K, 6 young (6144K), 6 survivors (6144K)
 Metaspace       used 106225K, capacity 108683K, committed 109256K, reserved 1144832K
  class space    used 13111K, capacity 13952K, committed 14156K, reserved 1048576K
Heap Regions: E=young(eden), S=young(survivor), O=old, HS=humongous(starts), HC=humongous(continues), CS=collection set, F=free, A=archive, TAMS=top-at-mark-start (previous, next)
|   0|0x00000000c0000000, 0x00000000c0100000, 0x00000000c0100000|100%| O|  |TAMS 0x00000000c0100000, 0x00000000c0000000| Untracked 
|   1|0x00000000c0100000, 0x00000000c0200000, 0x00000000c0200000|100%| O|  |TAMS 0x00000000c0200000, 0x00000000c0100000| Untracked 
|   2|0x00000000c0200000, 0x00000000c0300000, 0x00000000c0300000|100%| O|  |TAMS 0x00000000c0300000, 0x00000000c0200000| Untracked 
|   3|0x00000000c0300000, 0x00000000c0400000, 0x00000000c0400000|100%|HS|  |TAMS 0x00000000c0400000, 0x00000000c0300000| Complete 
|   4|0x00000000c0400000, 0x00000000c0500000, 0x00000000c0500000|100%|HC|  |TAMS 0x00000000c0500000, 0x00000000c0400000| Complete 
|   5|0x00000000c0500000, 0x00000000c0600000, 0x00000000c0600000|100%|HC|  |TAMS 0x00000000c0600000, 0x00000000c0500000| Complete 
|   6|0x00000000c0600000, 0x00000000c0700000, 0x00000000c0700000|100%| O|  |TAMS 0x00000000c0700000, 0x00000000c0600000| Untracked 
|   7|0x00000000c0700000, 0x00000000c0800000, 0x00000000c0800000|100%| O|  |TAMS 0x00000000c0800000, 0x00000000c0700000| Untracked 
|   8|0x00000000c0800000, 0x00000000c0900000, 0x00000000c0900000|100%| O|  |TAMS 0x00000000c0900000, 0x00000000c0800000| Untracked 
|   9|0x00000000c0900000, 0x00000000c0a00000, 0x00000000c0a00000|100%| O|  |TAMS 0x00000000c0a00000, 0x00000000c0900000| Untracked 
|  10|0x00000000c0a00000, 0x00000000c0b00000, 0x00000000c0b00000|100%| O|  |TAMS 0x00000000c0b00000, 0x00000000c0a00000| Untracked 
|  11|0x00000000c0b00000, 0x00000000c0c00000, 0x00000000c0c00000|100%| O|  |TAMS 0x00000000c0c00000, 0x00000000c0b00000| Untracked 
|  12|0x00000000c0c00000, 0x00000000c0d00000, 0x00000000c0d00000|100%| O|  |TAMS 0x00000000c0d00000, 0x00000000c0c00000| Untracked 
|  13|0x00000000c0d00000, 0x00000000c0e00000, 0x00000000c0e00000|100%| O|  |TAMS 0x00000000c0e00000, 0x00000000c0d00000| Untracked 
|  14|0x00000000c0e00000, 0x00000000c0f00000, 0x00000000c0f00000|100%| O|  |TAMS 0x00000000c0f00000, 0x00000000c0e00000| Untracked 
|  15|0x00000000c0f00000, 0x00000000c1000000, 0x00000000c1000000|100%| O|  |TAMS 0x00000000c1000000, 0x00000000c0f00000| Untracked 
|  16|0x00000000c1000000, 0x00000000c1100000, 0x00000000c1100000|100%|HS|  |TAMS 0x00000000c1100000, 0x00000000c1000000| Complete 
|  17|0x00000000c1100000, 0x00000000c1200000, 0x00000000c1200000|100%|HC|  |TAMS 0x00000000c1200000, 0x00000000c1100000| Complete 
|  18|0x00000000c1200000, 0x00000000c1300000, 0x00000000c1300000|100%|HS|  |TAMS 0x00000000c1300000, 0x00000000c1200000| Complete 
|  19|0x00000000c1300000, 0x00000000c1400000, 0x00000000c1400000|100%|HC|  |TAMS 0x00000000c1400000, 0x00000000c1300000| Complete 
|  20|0x00000000c1400000, 0x00000000c1500000, 0x00000000c1500000|100%|HC|  |TAMS 0x00000000c1500000, 0x00000000c1400000| Complete 
|  21|0x00000000c1500000, 0x00000000c1600000, 0x00000000c1600000|100%|HS|  |TAMS 0x00000000c1600000, 0x00000000c1500000| Complete 
|  22|0x00000000c1600000, 0x00000000c1700000, 0x00000000c1700000|100%|HC|  |TAMS 0x00000000c1700000, 0x00000000c1600000| Complete 
|  23|0x00000000c1700000, 0x00000000c1800000, 0x00000000c1800000|100%|HC|  |TAMS 0x00000000c1800000, 0x00000000c1700000| Complete 
|  24|0x00000000c1800000, 0x00000000c1900000, 0x00000000c1900000|100%|HC|  |TAMS 0x00000000c1900000, 0x00000000c1800000| Complete 
|  25|0x00000000c1900000, 0x00000000c1a00000, 0x00000000c1a00000|100%|HC|  |TAMS 0x00000000c1a00000, 0x00000000c1900000| Complete 
|  26|0x00000000c1a00000, 0x00000000c1b00000, 0x00000000c1b00000|100%| O|  |TAMS 0x00000000c1b00000, 0x00000000c1a00000| Untracked 
|  27|0x00000000c1b00000, 0x00000000c1c00000, 0x00000000c1c00000|100%| O|  |TAMS 0x00000000c1c00000, 0x00000000c1b00000| Untracked 
|  28|0x00000000c1c00000, 0x00000000c1d00000, 0x00000000c1d00000|100%| O|  |TAMS 0x00000000c1d00000, 0x00000000c1c00000| Untracked 
|  29|0x00000000c1d00000, 0x00000000c1e00000, 0x00000000c1e00000|100%| O|  |TAMS 0x00000000c1e00000, 0x00000000c1d00000| Untracked 
|  30|0x00000000c1e00000, 0x00000000c1f00000, 0x00000000c1f00000|100%|HS|  |TAMS 0x00000000c1f00000, 0x00000000c1e00000| Complete 
|  31|0x00000000c1f00000, 0x00000000c2000000, 0x00000000c2000000|100%|HC|  |TAMS 0x00000000c2000000, 0x00000000c1f00000| Complete 
|  32|0x00000000c2000000, 0x00000000c2100000, 0x00000000c2100000|100%|HC|  |TAMS 0x00000000c2100000, 0x00000000c2000000| Complete 
|  33|0x00000000c2100000, 0x00000000c2200000, 0x00000000c2200000|100%| O|  |TAMS 0x00000000c2200000, 0x00000000c2100000| Untracked 
|  34|0x00000000c2200000, 0x00000000c2300000, 0x00000000c2300000|100%| O|  |TAMS 0x00000000c2300000, 0x00000000c2200000| Untracked 
|  35|0x00000000c2300000, 0x00000000c2400000, 0x00000000c2400000|100%| O|  |TAMS 0x00000000c2400000, 0x00000000c2300000| Untracked 
|  36|0x00000000c2400000, 0x00000000c2500000, 0x00000000c2500000|100%|HS|  |TAMS 0x00000000c2500000, 0x00000000c2400000| Complete 
|  37|0x00000000c2500000, 0x00000000c2600000, 0x00000000c2600000|100%|HC|  |TAMS 0x00000000c2600000, 0x00000000c2500000| Complete 
|  38|0x00000000c2600000, 0x00000000c2700000, 0x00000000c2700000|100%|HC|  |TAMS 0x00000000c2700000, 0x00000000c2600000| Complete 
|  39|0x00000000c2700000, 0x00000000c2800000, 0x00000000c2800000|100%|HC|  |TAMS 0x00000000c2800000, 0x00000000c2700000| Complete 
|  40|0x00000000c2800000, 0x00000000c2900000, 0x00000000c2900000|100%|HC|  |TAMS 0x00000000c2900000, 0x00000000c2800000| Complete 
|  41|0x00000000c2900000, 0x00000000c2a00000, 0x00000000c2a00000|100%| O|  |TAMS 0x00000000c2a00000, 0x00000000c2900000| Untracked 
|  42|0x00000000c2a00000, 0x00000000c2b00000, 0x00000000c2b00000|100%| O|  |TAMS 0x00000000c2b00000, 0x00000000c2a00000| Untracked 
|  43|0x00000000c2b00000, 0x00000000c2c00000, 0x00000000c2c00000|100%| O|  |TAMS 0x00000000c2c00000, 0x00000000c2b00000| Untracked 
|  44|0x00000000c2c00000, 0x00000000c2d00000, 0x00000000c2d00000|100%| O|  |TAMS 0x00000000c2d00000, 0x00000000c2c00000| Untracked 
|  45|0x00000000c2d00000, 0x00000000c2e00000, 0x00000000c2e00000|100%| O|  |TAMS 0x00000000c2e00000, 0x00000000c2d00000| Untracked 
|  46|0x00000000c2e00000, 0x00000000c2f00000, 0x00000000c2f00000|100%| O|  |TAMS 0x00000000c2f00000, 0x00000000c2e00000| Untracked 
|  47|0x00000000c2f00000, 0x00000000c3000000, 0x00000000c3000000|100%| O|  |TAMS 0x00000000c3000000, 0x00000000c2f00000| Untracked 
|  48|0x00000000c3000000, 0x00000000c3100000, 0x00000000c3100000|100%| O|  |TAMS 0x00000000c3100000, 0x00000000c3000000| Untracked 
|  49|0x00000000c3100000, 0x00000000c3200000, 0x00000000c3200000|100%| O|  |TAMS 0x00000000c3200000, 0x00000000c3100000| Untracked 
|  50|0x00000000c3200000, 0x00000000c3300000, 0x00000000c3300000|100%| O|  |TAMS 0x00000000c3300000, 0x00000000c3200000| Untracked 
|  51|0x00000000c3300000, 0x00000000c3400000, 0x00000000c3400000|100%|HS|  |TAMS 0x00000000c3400000, 0x00000000c3300000| Complete 
|  52|0x00000000c3400000, 0x00000000c3500000, 0x00000000c3500000|100%|HS|  |TAMS 0x00000000c3500000, 0x00000000c3400000| Complete 
|  53|0x00000000c3500000, 0x00000000c3600000, 0x00000000c3600000|100%|HS|  |TAMS 0x00000000c3600000, 0x00000000c3500000| Complete 
|  54|0x00000000c3600000, 0x00000000c3700000, 0x00000000c3700000|100%|HC|  |TAMS 0x00000000c3700000, 0x00000000c3600000| Complete 
|  55|0x00000000c3700000, 0x00000000c3800000, 0x00000000c3800000|100%|HC|  |TAMS 0x00000000c3800000, 0x00000000c3700000| Complete 
|  56|0x00000000c3800000, 0x00000000c3900000, 0x00000000c3900000|100%| O|  |TAMS 0x00000000c3900000, 0x00000000c3800000| Untracked 
|  57|0x00000000c3900000, 0x00000000c3a00000, 0x00000000c3a00000|100%|HS|  |TAMS 0x00000000c3a00000, 0x00000000c3900000| Complete 
|  58|0x00000000c3a00000, 0x00000000c3b00000, 0x00000000c3b00000|100%|HC|  |TAMS 0x00000000c3b00000, 0x00000000c3a00000| Complete 
|  59|0x00000000c3b00000, 0x00000000c3c00000, 0x00000000c3c00000|100%| O|  |TAMS 0x00000000c3c00000, 0x00000000c3b00000| Untracked 
|  60|0x00000000c3c00000, 0x00000000c3d00000, 0x00000000c3d00000|100%| O|  |TAMS 0x00000000c3d00000, 0x00000000c3c00000| Untracked 
|  61|0x00000000c3d00000, 0x00000000c3e00000, 0x00000000c3e00000|100%| O|  |TAMS 0x00000000c3e00000, 0x00000000c3d00000| Untracked 
|  62|0x00000000c3e00000, 0x00000000c3f00000, 0x00000000c3f00000|100%| O|  |TAMS 0x00000000c3f00000, 0x00000000c3e00000| Untracked 
|  63|0x00000000c3f00000, 0x00000000c4000000, 0x00000000c4000000|100%| O|  |TAMS 0x00000000c4000000, 0x00000000c3f00000| Untracked 
|  64|0x00000000c4000000, 0x00000000c4100000, 0x00000000c4100000|100%| O|  |TAMS 0x00000000c4100000, 0x00000000c4000000| Untracked 
|  65|0x00000000c4100000, 0x00000000c4200000, 0x00000000c4200000|100%| O|  |TAMS 0x00000000c4200000, 0x00000000c4100000| Untracked 
|  66|0x00000000c4200000, 0x00000000c4300000, 0x00000000c4300000|100%| O|  |TAMS 0x00000000c4300000, 0x00000000c4200000| Untracked 
|  67|0x00000000c4300000, 0x00000000c4400000, 0x00000000c4400000|100%| O|  |TAMS 0x00000000c4400000, 0x00000000c4300000| Untracked 
|  68|0x00000000c4400000, 0x00000000c4500000, 0x00000000c4500000|100%| O|  |TAMS 0x00000000c4500000, 0x00000000c4400000| Untracked 
|  69|0x00000000c4500000, 0x00000000c4600000, 0x00000000c4600000|100%| O|  |TAMS 0x00000000c4600000, 0x00000000c4500000| Untracked 
|  70|0x00000000c4600000, 0x00000000c4700000, 0x00000000c4700000|100%| O|  |TAMS 0x00000000c4700000, 0x00000000c4600000| Untracked 
|  71|0x00000000c4700000, 0x00000000c4800000, 0x00000000c4800000|100%| O|  |TAMS 0x00000000c4800000, 0x00000000c4700000| Untracked 
|  72|0x00000000c4800000, 0x00000000c4900000, 0x00000000c4900000|100%| O|  |TAMS 0x00000000c4900000, 0x00000000c4800000| Untracked 
|  73|0x00000000c4900000, 0x00000000c4a00000, 0x00000000c4a00000|100%| O|  |TAMS 0x00000000c4a00000, 0x00000000c4900000| Untracked 
|  74|0x00000000c4a00000, 0x00000000c4b00000, 0x00000000c4b00000|100%| O|  |TAMS 0x00000000c4b00000, 0x00000000c4a00000| Untracked 
|  75|0x00000000c4b00000, 0x00000000c4c00000, 0x00000000c4c00000|100%| O|  |TAMS 0x00000000c4c00000, 0x00000000c4b00000| Untracked 
|  76|0x00000000c4c00000, 0x00000000c4d00000, 0x00000000c4d00000|100%| O|  |TAMS 0x00000000c4d00000, 0x00000000c4c00000| Untracked 
|  77|0x00000000c4d00000, 0x00000000c4e00000, 0x00000000c4e00000|100%| O|  |TAMS 0x00000000c4e00000, 0x00000000c4d00000| Untracked 
|  78|0x00000000c4e00000, 0x00000000c4f00000, 0x00000000c4f00000|100%| O|  |TAMS 0x00000000c4f00000, 0x00000000c4e00000| Untracked 
|  79|0x00000000c4f00000, 0x00000000c5000000, 0x00000000c5000000|100%| O|  |TAMS 0x00000000c5000000, 0x00000000c4f00000| Untracked 
|  80|0x00000000c5000000, 0x00000000c5100000, 0x00000000c5100000|100%| O|  |TAMS 0x00000000c5100000, 0x00000000c5000000| Untracked 
|  81|0x00000000c5100000, 0x00000000c5200000, 0x00000000c5200000|100%| O|  |TAMS 0x00000000c5200000, 0x00000000c5100000| Untracked 
|  82|0x00000000c5200000, 0x00000000c5300000, 0x00000000c5300000|100%| O|  |TAMS 0x00000000c5300000, 0x00000000c5200000| Untracked 
|  83|0x00000000c5300000, 0x00000000c5400000, 0x00000000c5400000|100%| O|  |TAMS 0x00000000c5400000, 0x00000000c5300000| Untracked 
|  84|0x00000000c5400000, 0x00000000c5500000, 0x00000000c5500000|100%| O|  |TAMS 0x00000000c5500000, 0x00000000c5400000| Untracked 
|  85|0x00000000c5500000, 0x00000000c5600000, 0x00000000c5600000|100%| O|  |TAMS 0x00000000c5600000, 0x00000000c5500000| Untracked 
|  86|0x00000000c5600000, 0x00000000c5700000, 0x00000000c5700000|100%| O|  |TAMS 0x00000000c5700000, 0x00000000c5600000| Untracked 
|  87|0x00000000c5700000, 0x00000000c5800000, 0x00000000c5800000|100%| O|  |TAMS 0x00000000c5800000, 0x00000000c5700000| Untracked 
|  88|0x00000000c5800000, 0x00000000c5900000, 0x00000000c5900000|100%| O|  |TAMS 0x00000000c5900000, 0x00000000c5800000| Untracked 
|  89|0x00000000c5900000, 0x00000000c5a00000, 0x00000000c5a00000|100%| O|  |TAMS 0x00000000c5a00000, 0x00000000c5900000| Untracked 
|  90|0x00000000c5a00000, 0x00000000c5b00000, 0x00000000c5b00000|100%| O|  |TAMS 0x00000000c5b00000, 0x00000000c5a00000| Untracked 
|  91|0x00000000c5b00000, 0x00000000c5bd3c00, 0x00000000c5c00000| 82%| O|  |TAMS 0x00000000c5b00000, 0x00000000c5b00000| Untracked 
|  92|0x00000000c5c00000, 0x00000000c5d00000, 0x00000000c5d00000|100%| O|  |TAMS 0x00000000c5d00000, 0x00000000c5c00000| Untracked 
|  93|0x00000000c5d00000, 0x00000000c5e00000, 0x00000000c5e00000|100%| O|  |TAMS 0x00000000c5e00000, 0x00000000c5d00000| Untracked 
|  94|0x00000000c5e00000, 0x00000000c5f00000, 0x00000000c5f00000|100%| O|  |TAMS 0x00000000c5f00000, 0x00000000c5e00000| Untracked 
|  95|0x00000000c5f00000, 0x00000000c6000000, 0x00000000c6000000|100%| O|  |TAMS 0x00000000c6000000, 0x00000000c5f00000| Untracked 
|  96|0x00000000c6000000, 0x00000000c6100000, 0x00000000c6100000|100%| O|  |TAMS 0x00000000c6100000, 0x00000000c6000000| Untracked 
|  97|0x00000000c6100000, 0x00000000c6200000, 0x00000000c6200000|100%| O|  |TAMS 0x00000000c6200000, 0x00000000c6100000| Untracked 
|  98|0x00000000c6200000, 0x00000000c6200000, 0x00000000c6300000|  0%| F|  |TAMS 0x00000000c6200000, 0x00000000c6200000| Untracked 
|  99|0x00000000c6300000, 0x00000000c6400000, 0x00000000c6400000|100%| O|  |TAMS 0x00000000c6400000, 0x00000000c6300000| Untracked 
| 100|0x00000000c6400000, 0x00000000c6400000, 0x00000000c6500000|  0%| F|  |TAMS 0x00000000c6400000, 0x00000000c6400000| Untracked 
| 101|0x00000000c6500000, 0x00000000c6600000, 0x00000000c6600000|100%| O|  |TAMS 0x00000000c6600000, 0x00000000c6500000| Untracked 
| 102|0x00000000c6600000, 0x00000000c6600000, 0x00000000c6700000|  0%| F|  |TAMS 0x00000000c6600000, 0x00000000c6600000| Untracked 
| 103|0x00000000c6700000, 0x00000000c6700000, 0x00000000c6800000|  0%| F|  |TAMS 0x00000000c6700000, 0x00000000c6700000| Untracked 
| 104|0x00000000c6800000, 0x00000000c6800000, 0x00000000c6900000|  0%| F|  |TAMS 0x00000000c6800000, 0x00000000c6800000| Untracked 
| 105|0x00000000c6900000, 0x00000000c6900000, 0x00000000c6a00000|  0%| F|  |TAMS 0x00000000c6900000, 0x00000000c6900000| Untracked 
| 106|0x00000000c6a00000, 0x00000000c6b00000, 0x00000000c6b00000|100%| O|  |TAMS 0x00000000c6b00000, 0x00000000c6a00000| Untracked 
| 107|0x00000000c6b00000, 0x00000000c6b00000, 0x00000000c6c00000|  0%| F|  |TAMS 0x00000000c6b00000, 0x00000000c6b00000| Untracked 
| 108|0x00000000c6c00000, 0x00000000c6c00000, 0x00000000c6d00000|  0%| F|  |TAMS 0x00000000c6c00000, 0x00000000c6c00000| Untracked 
| 109|0x00000000c6d00000, 0x00000000c6e00000, 0x00000000c6e00000|100%| O|  |TAMS 0x00000000c6e00000, 0x00000000c6d00000| Untracked 
| 110|0x00000000c6e00000, 0x00000000c6f00000, 0x00000000c6f00000|100%| O|  |TAMS 0x00000000c6f00000, 0x00000000c6e00000| Untracked 
| 111|0x00000000c6f00000, 0x00000000c7000000, 0x00000000c7000000|100%| O|  |TAMS 0x00000000c7000000, 0x00000000c6f00000| Untracked 
| 112|0x00000000c7000000, 0x00000000c7100000, 0x00000000c7100000|100%| O|  |TAMS 0x00000000c7100000, 0x00000000c7000000| Untracked 
| 113|0x00000000c7100000, 0x00000000c7200000, 0x00000000c7200000|100%| O|  |TAMS 0x00000000c7200000, 0x00000000c7100000| Untracked 
| 114|0x00000000c7200000, 0x00000000c7300000, 0x00000000c7300000|100%| O|  |TAMS 0x00000000c7300000, 0x00000000c7200000| Untracked 
| 115|0x00000000c7300000, 0x00000000c7400000, 0x00000000c7400000|100%| O|  |TAMS 0x00000000c7400000, 0x00000000c7300000| Untracked 
| 116|0x00000000c7400000, 0x00000000c7500000, 0x00000000c7500000|100%| O|  |TAMS 0x00000000c7500000, 0x00000000c7400000| Untracked 
| 117|0x00000000c7500000, 0x00000000c7600000, 0x00000000c7600000|100%| O|  |TAMS 0x00000000c7600000, 0x00000000c7500000| Untracked 
| 118|0x00000000c7600000, 0x00000000c7700000, 0x00000000c7700000|100%| O|  |TAMS 0x00000000c7700000, 0x00000000c7600000| Untracked 
| 119|0x00000000c7700000, 0x00000000c7800000, 0x00000000c7800000|100%| O|  |TAMS 0x00000000c7800000, 0x00000000c7700000| Untracked 
| 120|0x00000000c7800000, 0x00000000c7900000, 0x00000000c7900000|100%| O|  |TAMS 0x00000000c7900000, 0x00000000c7800000| Untracked 
| 121|0x00000000c7900000, 0x00000000c7a00000, 0x00000000c7a00000|100%| O|  |TAMS 0x00000000c7a00000, 0x00000000c7900000| Untracked 
| 122|0x00000000c7a00000, 0x00000000c7b00000, 0x00000000c7b00000|100%| O|  |TAMS 0x00000000c7a3ea00, 0x00000000c7a00000| Untracked 
| 123|0x00000000c7b00000, 0x00000000c7c00000, 0x00000000c7c00000|100%| O|  |TAMS 0x00000000c7b00000, 0x00000000c7b00000| Untracked 
| 124|0x00000000c7c00000, 0x00000000c7d00000, 0x00000000c7d00000|100%| O|  |TAMS 0x00000000c7c00000, 0x00000000c7c00000| Untracked 
| 125|0x00000000c7d00000, 0x00000000c7e00000, 0x00000000c7e00000|100%| O|  |TAMS 0x00000000c7d00000, 0x00000000c7d00000| Untracked 
| 126|0x00000000c7e00000, 0x00000000c7f00000, 0x00000000c7f00000|100%|HS|  |TAMS 0x00000000c7e00000, 0x00000000c7e00000| Complete 
| 127|0x00000000c7f00000, 0x00000000c8000000, 0x00000000c8000000|100%| O|  |TAMS 0x00000000c7f00000, 0x00000000c7f00000| Untracked 
| 128|0x00000000c8000000, 0x00000000c8000000, 0x00000000c8100000|  0%| F|  |TAMS 0x00000000c8000000, 0x00000000c8000000| Untracked 
| 129|0x00000000c8100000, 0x00000000c8100000, 0x00000000c8200000|  0%| F|  |TAMS 0x00000000c8100000, 0x00000000c8100000| Untracked 
| 130|0x00000000c8200000, 0x00000000c8200000, 0x00000000c8300000|  0%| F|  |TAMS 0x00000000c8200000, 0x00000000c8200000| Untracked 
| 131|0x00000000c8300000, 0x00000000c8300000, 0x00000000c8400000|  0%| F|  |TAMS 0x00000000c8300000, 0x00000000c8300000| Untracked 
| 132|0x00000000c8400000, 0x00000000c8400000, 0x00000000c8500000|  0%| F|  |TAMS 0x00000000c8400000, 0x00000000c8400000| Untracked 
| 133|0x00000000c8500000, 0x00000000c8500000, 0x00000000c8600000|  0%| F|  |TAMS 0x00000000c8500000, 0x00000000c8500000| Untracked 
| 134|0x00000000c8600000, 0x00000000c8600000, 0x00000000c8700000|  0%| F|  |TAMS 0x00000000c8600000, 0x00000000c8600000| Untracked 
| 135|0x00000000c8700000, 0x00000000c8700000, 0x00000000c8800000|  0%| F|  |TAMS 0x00000000c8700000, 0x00000000c8700000| Untracked 
| 136|0x00000000c8800000, 0x00000000c8800000, 0x00000000c8900000|  0%| F|  |TAMS 0x00000000c8800000, 0x00000000c8800000| Untracked 
| 137|0x00000000c8900000, 0x00000000c8900000, 0x00000000c8a00000|  0%| F|  |TAMS 0x00000000c8900000, 0x00000000c8900000| Untracked 
| 138|0x00000000c8a00000, 0x00000000c8a00000, 0x00000000c8b00000|  0%| F|  |TAMS 0x00000000c8a00000, 0x00000000c8a00000| Untracked 
| 139|0x00000000c8b00000, 0x00000000c8b00000, 0x00000000c8c00000|  0%| F|  |TAMS 0x00000000c8b00000, 0x00000000c8b00000| Untracked 
| 140|0x00000000c8c00000, 0x00000000c8c00000, 0x00000000c8d00000|  0%| F|  |TAMS 0x00000000c8c00000, 0x00000000c8c00000| Untracked 
| 141|0x00000000c8d00000, 0x00000000c8d00000, 0x00000000c8e00000|  0%| F|  |TAMS 0x00000000c8d00000, 0x00000000c8d00000| Untracked 
| 142|0x00000000c8e00000, 0x00000000c8e00000, 0x00000000c8f00000|  0%| F|  |TAMS 0x00000000c8e00000, 0x00000000c8e00000| Untracked 
| 143|0x00000000c8f00000, 0x00000000c8f00000, 0x00000000c9000000|  0%| F|  |TAMS 0x00000000c8f00000, 0x00000000c8f00000| Untracked 
| 144|0x00000000c9000000, 0x00000000c9000000, 0x00000000c9100000|  0%| F|  |TAMS 0x00000000c9000000, 0x00000000c9000000| Untracked 
| 145|0x00000000c9100000, 0x00000000c9100000, 0x00000000c9200000|  0%| F|  |TAMS 0x00000000c9100000, 0x00000000c9100000| Untracked 
| 146|0x00000000c9200000, 0x00000000c9200000, 0x00000000c9300000|  0%| F|  |TAMS 0x00000000c9200000, 0x00000000c9200000| Untracked 
| 147|0x00000000c9300000, 0x00000000c9300000, 0x00000000c9400000|  0%| F|  |TAMS 0x00000000c9300000, 0x00000000c9300000| Untracked 
| 148|0x00000000c9400000, 0x00000000c9400000, 0x00000000c9500000|  0%| F|  |TAMS 0x00000000c9400000, 0x00000000c9400000| Untracked 
| 149|0x00000000c9500000, 0x00000000c9500000, 0x00000000c9600000|  0%| F|  |TAMS 0x00000000c9500000, 0x00000000c9500000| Untracked 
| 150|0x00000000c9600000, 0x00000000c9600000, 0x00000000c9700000|  0%| F|  |TAMS 0x00000000c9600000, 0x00000000c9600000| Untracked 
| 151|0x00000000c9700000, 0x00000000c9700000, 0x00000000c9800000|  0%| F|  |TAMS 0x00000000c9700000, 0x00000000c9700000| Untracked 
| 152|0x00000000c9800000, 0x00000000c9800000, 0x00000000c9900000|  0%| F|  |TAMS 0x00000000c9800000, 0x00000000c9800000| Untracked 
| 153|0x00000000c9900000, 0x00000000c9900000, 0x00000000c9a00000|  0%| F|  |TAMS 0x00000000c9900000, 0x00000000c9900000| Untracked 
| 154|0x00000000c9a00000, 0x00000000c9a00000, 0x00000000c9b00000|  0%| F|  |TAMS 0x00000000c9a00000, 0x00000000c9a00000| Untracked 
| 155|0x00000000c9b00000, 0x00000000c9b00000, 0x00000000c9c00000|  0%| F|  |TAMS 0x00000000c9b00000, 0x00000000c9b00000| Untracked 
| 156|0x00000000c9c00000, 0x00000000c9c00000, 0x00000000c9d00000|  0%| F|  |TAMS 0x00000000c9c00000, 0x00000000c9c00000| Untracked 
| 157|0x00000000c9d00000, 0x00000000c9d00000, 0x00000000c9e00000|  0%| F|  |TAMS 0x00000000c9d00000, 0x00000000c9d00000| Untracked 
| 158|0x00000000c9e00000, 0x00000000c9e00000, 0x00000000c9f00000|  0%| F|  |TAMS 0x00000000c9e00000, 0x00000000c9e00000| Untracked 
| 159|0x00000000c9f00000, 0x00000000c9f00000, 0x00000000ca000000|  0%| F|  |TAMS 0x00000000c9f00000, 0x00000000c9f00000| Untracked 
| 160|0x00000000ca000000, 0x00000000ca000000, 0x00000000ca100000|  0%| F|  |TAMS 0x00000000ca000000, 0x00000000ca000000| Untracked 
| 161|0x00000000ca100000, 0x00000000ca100000, 0x00000000ca200000|  0%| F|  |TAMS 0x00000000ca100000, 0x00000000ca100000| Untracked 
| 162|0x00000000ca200000, 0x00000000ca200000, 0x00000000ca300000|  0%| F|  |TAMS 0x00000000ca200000, 0x00000000ca200000| Untracked 
| 163|0x00000000ca300000, 0x00000000ca37a3a0, 0x00000000ca400000| 47%| S|CS|TAMS 0x00000000ca300000, 0x00000000ca300000| Complete 
| 164|0x00000000ca400000, 0x00000000ca500000, 0x00000000ca500000|100%| S|CS|TAMS 0x00000000ca400000, 0x00000000ca400000| Complete 
| 165|0x00000000ca500000, 0x00000000ca600000, 0x00000000ca600000|100%| S|CS|TAMS 0x00000000ca500000, 0x00000000ca500000| Complete 
| 166|0x00000000ca600000, 0x00000000ca700000, 0x00000000ca700000|100%| S|CS|TAMS 0x00000000ca600000, 0x00000000ca600000| Complete 
| 167|0x00000000ca700000, 0x00000000ca800000, 0x00000000ca800000|100%| S|CS|TAMS 0x00000000ca700000, 0x00000000ca700000| Complete 
| 168|0x00000000ca800000, 0x00000000ca900000, 0x00000000ca900000|100%| S|CS|TAMS 0x00000000ca800000, 0x00000000ca800000| Complete 
| 169|0x00000000ca900000, 0x00000000ca900000, 0x00000000caa00000|  0%| F|  |TAMS 0x00000000ca900000, 0x00000000ca900000| Untracked 
| 170|0x00000000caa00000, 0x00000000caa00000, 0x00000000cab00000|  0%| F|  |TAMS 0x00000000caa00000, 0x00000000caa00000| Untracked 
| 171|0x00000000cab00000, 0x00000000cab00000, 0x00000000cac00000|  0%| F|  |TAMS 0x00000000cab00000, 0x00000000cab00000| Untracked 
| 172|0x00000000cac00000, 0x00000000cac00000, 0x00000000cad00000|  0%| F|  |TAMS 0x00000000cac00000, 0x00000000cac00000| Untracked 
| 173|0x00000000cad00000, 0x00000000cad00000, 0x00000000cae00000|  0%| F|  |TAMS 0x00000000cad00000, 0x00000000cad00000| Untracked 
| 174|0x00000000cae00000, 0x00000000cae00000, 0x00000000caf00000|  0%| F|  |TAMS 0x00000000cae00000, 0x00000000cae00000| Untracked 
| 175|0x00000000caf00000, 0x00000000caf00000, 0x00000000cb000000|  0%| F|  |TAMS 0x00000000caf00000, 0x00000000caf00000| Untracked 
| 176|0x00000000cb000000, 0x00000000cb000000, 0x00000000cb100000|  0%| F|  |TAMS 0x00000000cb000000, 0x00000000cb000000| Untracked 
| 177|0x00000000cb100000, 0x00000000cb100000, 0x00000000cb200000|  0%| F|  |TAMS 0x00000000cb100000, 0x00000000cb100000| Untracked 
| 178|0x00000000cb200000, 0x00000000cb200000, 0x00000000cb300000|  0%| F|  |TAMS 0x00000000cb200000, 0x00000000cb200000| Untracked 
| 179|0x00000000cb300000, 0x00000000cb300000, 0x00000000cb400000|  0%| F|  |TAMS 0x00000000cb300000, 0x00000000cb300000| Untracked 
| 180|0x00000000cb400000, 0x00000000cb400000, 0x00000000cb500000|  0%| F|  |TAMS 0x00000000cb400000, 0x00000000cb400000| Untracked 
| 181|0x00000000cb500000, 0x00000000cb500000, 0x00000000cb600000|  0%| F|  |TAMS 0x00000000cb500000, 0x00000000cb500000| Untracked 
| 182|0x00000000cb600000, 0x00000000cb600000, 0x00000000cb700000|  0%| F|  |TAMS 0x00000000cb600000, 0x00000000cb600000| Untracked 
| 183|0x00000000cb700000, 0x00000000cb700000, 0x00000000cb800000|  0%| F|  |TAMS 0x00000000cb700000, 0x00000000cb700000| Untracked 
| 184|0x00000000cb800000, 0x00000000cb800000, 0x00000000cb900000|  0%| F|  |TAMS 0x00000000cb800000, 0x00000000cb800000| Untracked 
| 185|0x00000000cb900000, 0x00000000cb900000, 0x00000000cba00000|  0%| F|  |TAMS 0x00000000cb900000, 0x00000000cb900000| Untracked 
| 186|0x00000000cba00000, 0x00000000cba00000, 0x00000000cbb00000|  0%| F|  |TAMS 0x00000000cba00000, 0x00000000cba00000| Untracked 
| 187|0x00000000cbb00000, 0x00000000cbb00000, 0x00000000cbc00000|  0%| F|  |TAMS 0x00000000cbb00000, 0x00000000cbb00000| Untracked 
| 188|0x00000000cbc00000, 0x00000000cbc00000, 0x00000000cbd00000|  0%| F|  |TAMS 0x00000000cbc00000, 0x00000000cbc00000| Untracked 
| 189|0x00000000cbd00000, 0x00000000cbd00000, 0x00000000cbe00000|  0%| F|  |TAMS 0x00000000cbd00000, 0x00000000cbd00000| Untracked 
| 190|0x00000000cbe00000, 0x00000000cbe00000, 0x00000000cbf00000|  0%| F|  |TAMS 0x00000000cbe00000, 0x00000000cbe00000| Untracked 
| 191|0x00000000cbf00000, 0x00000000cbf00000, 0x00000000cc000000|  0%| F|  |TAMS 0x00000000cbf00000, 0x00000000cbf00000| Untracked 
| 192|0x00000000cc000000, 0x00000000cc000000, 0x00000000cc100000|  0%| F|  |TAMS 0x00000000cc000000, 0x00000000cc000000| Untracked 
| 193|0x00000000cc100000, 0x00000000cc100000, 0x00000000cc200000|  0%| F|  |TAMS 0x00000000cc100000, 0x00000000cc100000| Untracked 
| 194|0x00000000cc200000, 0x00000000cc200000, 0x00000000cc300000|  0%| F|  |TAMS 0x00000000cc200000, 0x00000000cc200000| Untracked 
| 195|0x00000000cc300000, 0x00000000cc300000, 0x00000000cc400000|  0%| F|  |TAMS 0x00000000cc300000, 0x00000000cc300000| Untracked 
| 196|0x00000000cc400000, 0x00000000cc400000, 0x00000000cc500000|  0%| F|  |TAMS 0x00000000cc400000, 0x00000000cc400000| Untracked 
| 197|0x00000000cc500000, 0x00000000cc500000, 0x00000000cc600000|  0%| F|  |TAMS 0x00000000cc500000, 0x00000000cc500000| Untracked 
| 198|0x00000000cc600000, 0x00000000cc600000, 0x00000000cc700000|  0%| F|  |TAMS 0x00000000cc600000, 0x00000000cc600000| Untracked 
| 199|0x00000000cc700000, 0x00000000cc700000, 0x00000000cc800000|  0%| F|  |TAMS 0x00000000cc700000, 0x00000000cc700000| Untracked 
| 200|0x00000000cc800000, 0x00000000cc800000, 0x00000000cc900000|  0%| F|  |TAMS 0x00000000cc800000, 0x00000000cc800000| Untracked 
| 201|0x00000000cc900000, 0x00000000cc900000, 0x00000000cca00000|  0%| F|  |TAMS 0x00000000cc900000, 0x00000000cc900000| Untracked 
| 202|0x00000000cca00000, 0x00000000cca00000, 0x00000000ccb00000|  0%| F|  |TAMS 0x00000000cca00000, 0x00000000cca00000| Untracked 
| 203|0x00000000ccb00000, 0x00000000ccb00000, 0x00000000ccc00000|  0%| F|  |TAMS 0x00000000ccb00000, 0x00000000ccb00000| Untracked 
| 204|0x00000000ccc00000, 0x00000000ccc00000, 0x00000000ccd00000|  0%| F|  |TAMS 0x00000000ccc00000, 0x00000000ccc00000| Untracked 
| 205|0x00000000ccd00000, 0x00000000ccd00000, 0x00000000cce00000|  0%| F|  |TAMS 0x00000000ccd00000, 0x00000000ccd00000| Untracked 
| 206|0x00000000cce00000, 0x00000000cce00000, 0x00000000ccf00000|  0%| F|  |TAMS 0x00000000cce00000, 0x00000000cce00000| Untracked 
| 207|0x00000000ccf00000, 0x00000000ccf00000, 0x00000000cd000000|  0%| F|  |TAMS 0x00000000ccf00000, 0x00000000ccf00000| Untracked 
| 208|0x00000000cd000000, 0x00000000cd000000, 0x00000000cd100000|  0%| F|  |TAMS 0x00000000cd000000, 0x00000000cd000000| Untracked 
| 209|0x00000000cd100000, 0x00000000cd100000, 0x00000000cd200000|  0%| F|  |TAMS 0x00000000cd100000, 0x00000000cd100000| Untracked 
| 210|0x00000000cd200000, 0x00000000cd200000, 0x00000000cd300000|  0%| F|  |TAMS 0x00000000cd200000, 0x00000000cd200000| Untracked 
| 211|0x00000000cd300000, 0x00000000cd300000, 0x00000000cd400000|  0%| F|  |TAMS 0x00000000cd300000, 0x00000000cd300000| Untracked 
| 212|0x00000000cd400000, 0x00000000cd400000, 0x00000000cd500000|  0%| F|  |TAMS 0x00000000cd400000, 0x00000000cd400000| Untracked 
| 213|0x00000000cd500000, 0x00000000cd500000, 0x00000000cd600000|  0%| F|  |TAMS 0x00000000cd500000, 0x00000000cd500000| Untracked 
| 214|0x00000000cd600000, 0x00000000cd600000, 0x00000000cd700000|  0%| F|  |TAMS 0x00000000cd600000, 0x00000000cd600000| Untracked 
| 215|0x00000000cd700000, 0x00000000cd700000, 0x00000000cd800000|  0%| F|  |TAMS 0x00000000cd700000, 0x00000000cd700000| Untracked 
| 216|0x00000000cd800000, 0x00000000cd800000, 0x00000000cd900000|  0%| F|  |TAMS 0x00000000cd800000, 0x00000000cd800000| Untracked 
| 217|0x00000000cd900000, 0x00000000cd900000, 0x00000000cda00000|  0%| F|  |TAMS 0x00000000cd900000, 0x00000000cd900000| Untracked 
| 218|0x00000000cda00000, 0x00000000cda00000, 0x00000000cdb00000|  0%| F|  |TAMS 0x00000000cda00000, 0x00000000cda00000| Untracked 
| 219|0x00000000cdb00000, 0x00000000cdb00000, 0x00000000cdc00000|  0%| F|  |TAMS 0x00000000cdb00000, 0x00000000cdb00000| Untracked 

Card table byte_map: [0x0000017b34190000,0x0000017b34390000] _byte_map_base: 0x0000017b33b90000

Marking Bits (Prev, Next): (CMBitMap*) 0x0000017b1f24ef30, (CMBitMap*) 0x0000017b1f24eef8
 Prev Bits: [0x0000017b35590000, 0x0000017b36590000)
 Next Bits: [0x0000017b34590000, 0x0000017b35590000)

Polling page: 0x0000017b1f300000

Metaspace:

Usage:
  Non-class:     92.51 MB capacity,    90.93 MB ( 98%) used,     1.34 MB (  1%) free+waste,   244.13 KB ( <1%) overhead. 
      Class:     13.63 MB capacity,    12.80 MB ( 94%) used,   731.79 KB (  5%) free+waste,   108.25 KB ( <1%) overhead. 
       Both:    106.14 MB capacity,   103.74 MB ( 98%) used,     2.06 MB (  2%) free+waste,   352.38 KB ( <1%) overhead. 

Virtual space:
  Non-class space:       94.00 MB reserved,      92.87 MB ( 99%) committed 
      Class space:        1.00 GB reserved,      13.82 MB (  1%) committed 
             Both:        1.09 GB reserved,     106.70 MB ( 10%) committed 

Chunk freelists:
   Non-Class:  305.00 KB
       Class:  160.00 KB
        Both:  465.00 KB

MaxMetaspaceSize: 17179869184.00 GB
CompressedClassSpaceSize: 1.00 GB

CodeHeap 'non-profiled nmethods': size=120000Kb used=7063Kb max_used=7063Kb free=112936Kb
 bounds [0x0000017b2bff0000, 0x0000017b2c6e0000, 0x0000017b33520000]
CodeHeap 'profiled nmethods': size=120000Kb used=30207Kb max_used=30207Kb free=89793Kb
 bounds [0x0000017b24ac0000, 0x0000017b26840000, 0x0000017b2bff0000]
CodeHeap 'non-nmethods': size=5760Kb used=2328Kb max_used=2377Kb free=3432Kb
 bounds [0x0000017b24520000, 0x0000017b24790000, 0x0000017b24ac0000]
 total_blobs=14684 nmethods=13750 adapters=845
 compilation: enabled
              stopped_count=0, restarted_count=0
 full_count=0

Compilation events (20 events):
Event: 111.878 Thread 0x0000017b3903c800 14414       2       com.google.common.collect.ImmutableSortedMap$1::compare (13 bytes)
Event: 111.878 Thread 0x0000017b3903c800 nmethod 14414 0x0000017b2683af90 code [0x0000017b2683b160, 0x0000017b2683b388]
Event: 111.879 Thread 0x0000017b3903c800 14415       2       com.google.common.collect.ImmutableSortedMap$1::compare (22 bytes)
Event: 111.879 Thread 0x0000017b3903c800 nmethod 14415 0x0000017b2683b490 code [0x0000017b2683b660, 0x0000017b2683b7e8]
Event: 111.879 Thread 0x0000017b3903c800 14416       2       org.gradle.internal.execution.history.impl.DefaultBeforeExecutionState::getDetectedOverlappingOutputs (8 bytes)
Event: 111.880 Thread 0x0000017b3903c800 nmethod 14416 0x0000017b2683b910 code [0x0000017b2683bae0, 0x0000017b2683bd68]
Event: 111.883 Thread 0x0000017b3903c800 14417       2       org.gradle.internal.execution.steps.BuildOperationStep::operation (20 bytes)
Event: 111.884 Thread 0x0000017b3903c800 nmethod 14417 0x0000017b2683be90 code [0x0000017b2683c080, 0x0000017b2683c558]
Event: 111.884 Thread 0x0000017b3903c800 14418   !   2       com.google.common.cache.LocalCache::processPendingNotifications (47 bytes)
Event: 111.885 Thread 0x0000017b3903c800 nmethod 14418 0x0000017b2683c790 code [0x0000017b2683c9a0, 0x0000017b2683cdc8]
Event: 111.885 Thread 0x0000017b3903c800 14421       2       org.gradle.internal.execution.steps.CaptureStateBeforeExecutionStep::lambda$fingerprintInputFiles$3 (49 bytes)
Event: 111.886 Thread 0x0000017b3903c800 nmethod 14421 0x0000017b2683d090 code [0x0000017b2683d2c0, 0x0000017b2683d838]
Event: 111.886 Thread 0x0000017b3903c800 14422       2       org.gradle.internal.execution.steps.CaptureStateBeforeExecutionStep$$Lambda$804/0x0000000100d6b440::transformEntry (20 bytes)
Event: 111.887 Thread 0x0000017b3903c800 nmethod 14422 0x0000017b2683dc10 code [0x0000017b2683de20, 0x0000017b2683e368]
Event: 111.888 Thread 0x0000017b3903c800 14420       2       org.gradle.internal.execution.steps.BuildOperationStep$1::<init> (20 bytes)
Event: 111.888 Thread 0x0000017b3903c800 nmethod 14420 0x0000017b2683e690 code [0x0000017b2683e840, 0x0000017b2683ea58]
Event: 111.888 Thread 0x0000017b3903c800 14419       2       org.gradle.api.internal.artifacts.transform.DefaultTransformerInvocationFactory$TransformerExecution::getDisplayName (35 bytes)
Event: 111.889 Thread 0x0000017b3903c800 nmethod 14419 0x0000017b2683eb10 code [0x0000017b2683ed20, 0x0000017b2683f0c8]
Event: 111.889 Thread 0x0000017b3903c800 14423       2       sun.nio.cs.StreamEncoder::<init> (56 bytes)
Event: 111.890 Thread 0x0000017b3903c800 nmethod 14423 0x0000017b2683f310 code [0x0000017b2683f500, 0x0000017b2683fa78]

GC Heap History (20 events):
Event: 111.017 GC heap after
{Heap after GC invocations=232 (full 0):
 garbage-first heap   total 155648K, used 126665K [0x00000000c0000000, 0x0000000100000000)
  region size 1024K, 2 young (2048K), 2 survivors (2048K)
 Metaspace       used 106003K, capacity 108630K, committed 108744K, reserved 1144832K
  class space    used 13158K, capacity 14075K, committed 14156K, reserved 1048576K
}
Event: 111.051 GC heap before
{Heap before GC invocations=232 (full 0):
 garbage-first heap   total 155648K, used 138953K [0x00000000c0000000, 0x0000000100000000)
  region size 1024K, 10 young (10240K), 2 survivors (2048K)
 Metaspace       used 106045K, capacity 108635K, committed 108744K, reserved 1144832K
  class space    used 13161K, capacity 14075K, committed 14156K, reserved 1048576K
}
Event: 111.053 GC heap after
{Heap after GC invocations=233 (full 0):
 garbage-first heap   total 155648K, used 128454K [0x00000000c0000000, 0x0000000100000000)
  region size 1024K, 2 young (2048K), 2 survivors (2048K)
 Metaspace       used 106045K, capacity 108635K, committed 108744K, reserved 1144832K
  class space    used 13161K, capacity 14075K, committed 14156K, reserved 1048576K
}
Event: 111.066 GC heap before
{Heap before GC invocations=233 (full 0):
 garbage-first heap   total 155648K, used 134598K [0x00000000c0000000, 0x0000000100000000)
  region size 1024K, 10 young (10240K), 2 survivors (2048K)
 Metaspace       used 106112K, capacity 108699K, committed 109000K, reserved 1144832K
  class space    used 13171K, capacity 14075K, committed 14156K, reserved 1048576K
}
Event: 111.068 GC heap after
{Heap after GC invocations=234 (full 0):
 garbage-first heap   total 155648K, used 129055K [0x00000000c0000000, 0x0000000100000000)
  region size 1024K, 2 young (2048K), 2 survivors (2048K)
 Metaspace       used 106112K, capacity 108699K, committed 109000K, reserved 1144832K
  class space    used 13171K, capacity 14075K, committed 14156K, reserved 1048576K
}
Event: 111.086 GC heap before
{Heap before GC invocations=234 (full 0):
 garbage-first heap   total 155648K, used 135199K [0x00000000c0000000, 0x0000000100000000)
  region size 1024K, 9 young (9216K), 2 survivors (2048K)
 Metaspace       used 106211K, capacity 108763K, committed 109000K, reserved 1144832K
  class space    used 13178K, capacity 14075K, committed 14156K, reserved 1048576K
}
Event: 111.089 GC heap after
{Heap after GC invocations=235 (full 0):
 garbage-first heap   total 155648K, used 129538K [0x00000000c0000000, 0x0000000100000000)
  region size 1024K, 2 young (2048K), 2 survivors (2048K)
 Metaspace       used 106211K, capacity 108763K, committed 109000K, reserved 1144832K
  class space    used 13178K, capacity 14075K, committed 14156K, reserved 1048576K
}
Event: 111.118 GC heap before
{Heap before GC invocations=235 (full 0):
 garbage-first heap   total 155648K, used 134658K [0x00000000c0000000, 0x0000000100000000)
  region size 1024K, 8 young (8192K), 2 survivors (2048K)
 Metaspace       used 106256K, capacity 108860K, committed 109000K, reserved 1144832K
  class space    used 13183K, capacity 14107K, committed 14156K, reserved 1048576K
}
Event: 111.120 GC heap after
{Heap after GC invocations=236 (full 0):
 garbage-first heap   total 155648K, used 130167K [0x00000000c0000000, 0x0000000100000000)
  region size 1024K, 1 young (1024K), 1 survivors (1024K)
 Metaspace       used 106256K, capacity 108860K, committed 109000K, reserved 1144832K
  class space    used 13183K, capacity 14107K, committed 14156K, reserved 1048576K
}
Event: 111.142 GC heap before
{Heap before GC invocations=236 (full 0):
 garbage-first heap   total 155648K, used 135287K [0x00000000c0000000, 0x0000000100000000)
  region size 1024K, 7 young (7168K), 1 survivors (1024K)
 Metaspace       used 106301K, capacity 108924K, committed 109000K, reserved 1144832K
  class space    used 13186K, capacity 14107K, committed 14156K, reserved 1048576K
}
Event: 111.144 GC heap after
{Heap after GC invocations=237 (full 0):
 garbage-first heap   total 155648K, used 131020K [0x00000000c0000000, 0x0000000100000000)
  region size 1024K, 1 young (1024K), 1 survivors (1024K)
 Metaspace       used 106301K, capacity 108924K, committed 109000K, reserved 1144832K
  class space    used 13186K, capacity 14107K, committed 14156K, reserved 1048576K
}
Event: 111.173 GC heap before
{Heap before GC invocations=237 (full 0):
 garbage-first heap   total 155648K, used 136140K [0x00000000c0000000, 0x0000000100000000)
  region size 1024K, 7 young (7168K), 1 survivors (1024K)
 Metaspace       used 106373K, capacity 108988K, committed 109256K, reserved 1144832K
  class space    used 13196K, capacity 14107K, committed 14156K, reserved 1048576K
}
Event: 111.178 GC heap after
{Heap after GC invocations=238 (full 0):
 garbage-first heap   total 225280K, used 130915K [0x00000000c0000000, 0x0000000100000000)
  region size 1024K, 1 young (1024K), 1 survivors (1024K)
 Metaspace       used 106373K, capacity 108988K, committed 109256K, reserved 1144832K
  class space    used 13196K, capacity 14107K, committed 14156K, reserved 1048576K
}
Event: 111.410 GC heap before
{Heap before GC invocations=239 (full 0):
 garbage-first heap   total 225280K, used 162659K [0x00000000c0000000, 0x0000000100000000)
  region size 1024K, 38 young (38912K), 1 survivors (1024K)
 Metaspace       used 106142K, capacity 108553K, committed 109256K, reserved 1144832K
  class space    used 13111K, capacity 13952K, committed 14156K, reserved 1048576K
}
Event: 111.414 GC heap after
{Heap after GC invocations=240 (full 0):
 garbage-first heap   total 225280K, used 125811K [0x00000000c0000000, 0x0000000100000000)
  region size 1024K, 2 young (2048K), 2 survivors (2048K)
 Metaspace       used 106142K, capacity 108553K, committed 109256K, reserved 1144832K
  class space    used 13111K, capacity 13952K, committed 14156K, reserved 1048576K
}
Event: 111.451 GC heap before
{Heap before GC invocations=240 (full 0):
 garbage-first heap   total 225280K, used 135027K [0x00000000c0000000, 0x0000000100000000)
  region size 1024K, 11 young (11264K), 2 survivors (2048K)
 Metaspace       used 106154K, capacity 108553K, committed 109256K, reserved 1144832K
  class space    used 13111K, capacity 13952K, committed 14156K, reserved 1048576K
}
Event: 111.455 GC heap after
{Heap after GC invocations=241 (full 0):
 garbage-first heap   total 225280K, used 123200K [0x00000000c0000000, 0x0000000100000000)
  region size 1024K, 1 young (1024K), 1 survivors (1024K)
 Metaspace       used 106154K, capacity 108553K, committed 109256K, reserved 1144832K
  class space    used 13111K, capacity 13952K, committed 14156K, reserved 1048576K
}
Event: 111.625 GC heap before
{Heap before GC invocations=241 (full 0):
 garbage-first heap   total 225280K, used 170304K [0x00000000c0000000, 0x0000000100000000)
  region size 1024K, 47 young (48128K), 1 survivors (1024K)
 Metaspace       used 106191K, capacity 108617K, committed 109256K, reserved 1144832K
  class space    used 13111K, capacity 13952K, committed 14156K, reserved 1048576K
}
Event: 111.630 GC heap after
{Heap after GC invocations=242 (full 0):
 garbage-first heap   total 225280K, used 126566K [0x00000000c0000000, 0x0000000100000000)
  region size 1024K, 4 young (4096K), 4 survivors (4096K)
 Metaspace       used 106191K, capacity 108617K, committed 109256K, reserved 1144832K
  class space    used 13111K, capacity 13952K, committed 14156K, reserved 1048576K
}
Event: 111.892 GC heap before
{Heap before GC invocations=242 (full 0):
 garbage-first heap   total 225280K, used 173670K [0x00000000c0000000, 0x0000000100000000)
  region size 1024K, 51 young (52224K), 4 survivors (4096K)
 Metaspace       used 106225K, capacity 108683K, committed 109256K, reserved 1144832K
  class space    used 13111K, capacity 13952K, committed 14156K, reserved 1048576K
}

Deoptimization events (20 events):
Event: 110.836 Thread 0x0000017b3bcdb000 Uncommon trap: trap_request=0xffffff4d fr.pc=0x0000017b2c29bf70 relative=0x00000000000001b0
Event: 110.836 Thread 0x0000017b3bcdb000 Uncommon trap: reason=unstable_if action=reinterpret pc=0x0000017b2c29bf70 method=java.lang.String.indexOf(II)I @ 4 c2
Event: 110.836 Thread 0x0000017b3bcdb000 DEOPT PACKING pc=0x0000017b2c29bf70 sp=0x00000022d20fabd0
Event: 110.836 Thread 0x0000017b3bcdb000 DEOPT UNPACKING pc=0x0000017b245283af sp=0x00000022d20faae0 mode 2
Event: 110.886 Thread 0x0000017b3bcd7000 DEOPT PACKING pc=0x0000017b265245a6 sp=0x00000022d1efb5f0
Event: 110.886 Thread 0x0000017b3bcd7000 DEOPT UNPACKING pc=0x0000017b24548ede sp=0x00000022d1efaad0 mode 0
Event: 111.058 Thread 0x0000017b3bcd7000 Uncommon trap: trap_request=0xffffff4d fr.pc=0x0000017b2c6c9540 relative=0x00000000000044c0
Event: 111.058 Thread 0x0000017b3bcd7000 Uncommon trap: reason=unstable_if action=reinterpret pc=0x0000017b2c6c9540 method=org.objectweb.asm.commons.Remapper.mapType(Lorg/objectweb/asm/Type;)Lorg/objectweb/asm/Type; @ 4 c2
Event: 111.058 Thread 0x0000017b3bcd7000 DEOPT PACKING pc=0x0000017b2c6c9540 sp=0x00000022d1efae30
Event: 111.058 Thread 0x0000017b3bcd7000 DEOPT UNPACKING pc=0x0000017b245283af sp=0x00000022d1efae60 mode 2
Event: 111.306 Thread 0x0000017b3bcd5800 Uncommon trap: trap_request=0xffffff4d fr.pc=0x0000017b2c615108 relative=0x0000000000000488
Event: 111.306 Thread 0x0000017b3bcd5800 Uncommon trap: reason=unstable_if action=reinterpret pc=0x0000017b2c615108 method=org.objectweb.asm.SymbolTable.addConstantUtf8(Ljava/lang/String;)I @ 40 c2
Event: 111.306 Thread 0x0000017b3bcd5800 DEOPT PACKING pc=0x0000017b2c615108 sp=0x00000022d1cfaeb0
Event: 111.306 Thread 0x0000017b3bcd5800 DEOPT UNPACKING pc=0x0000017b245283af sp=0x00000022d1cfae80 mode 2
Event: 111.787 Thread 0x0000017b3bcd5800 DEOPT PACKING pc=0x0000017b265783ff sp=0x00000022d1cfb5e0
Event: 111.787 Thread 0x0000017b3bcd5800 DEOPT UNPACKING pc=0x0000017b24548ede sp=0x00000022d1cfaab0 mode 0
Event: 111.830 Thread 0x0000017b3bcd1000 Uncommon trap: trap_request=0xffffff4d fr.pc=0x0000017b2c6836e8 relative=0x0000000000000988
Event: 111.830 Thread 0x0000017b3bcd1000 Uncommon trap: reason=unstable_if action=reinterpret pc=0x0000017b2c6836e8 method=java.util.concurrent.ConcurrentLinkedQueue.poll()Ljava/lang/Object; @ 73 c2
Event: 111.830 Thread 0x0000017b3bcd1000 DEOPT PACKING pc=0x0000017b2c6836e8 sp=0x00000022d1fface0
Event: 111.830 Thread 0x0000017b3bcd1000 DEOPT UNPACKING pc=0x0000017b245283af sp=0x00000022d1ffac30 mode 2

Classes redefined (0 events):
No events

Internal exceptions (20 events):
Event: 97.726 Thread 0x0000017b3b82d800 Exception <a 'sun/nio/fs/WindowsException'{0x00000000c95b3ba0}> (0x00000000c95b3ba0) thrown at [./src/hotspot/share/prims/jni.cpp, line 615]
Event: 98.314 Thread 0x0000017b3bcd7000 Exception <a 'sun/nio/fs/WindowsException'{0x00000000c977d380}> (0x00000000c977d380) thrown at [./src/hotspot/share/prims/jni.cpp, line 615]
Event: 100.017 Thread 0x0000017b3bcd7000 Implicit null exception at 0x0000017b2c626d78 to 0x0000017b2c62832c
Event: 101.123 Thread 0x0000017b3bcd7000 Exception <a 'sun/nio/fs/WindowsException'{0x00000000c97c03f0}> (0x00000000c97c03f0) thrown at [./src/hotspot/share/prims/jni.cpp, line 615]
Event: 101.142 Thread 0x0000017b3bcdb000 Exception <a 'sun/nio/fs/WindowsException'{0x00000000c953ebd8}> (0x00000000c953ebd8) thrown at [./src/hotspot/share/prims/jni.cpp, line 615]
Event: 101.662 Thread 0x0000017b3bcd4800 Exception <a 'java/net/SocketTimeoutException'{0x00000000c900d918}: Read timed out> (0x00000000c900d918) thrown at [./src/hotspot/share/prims/jni.cpp, line 636]
Event: 101.806 Thread 0x0000017b3bcd4800 Exception <a 'sun/nio/fs/WindowsException'{0x00000000c8b585d8}> (0x00000000c8b585d8) thrown at [./src/hotspot/share/prims/jni.cpp, line 615]
Event: 108.314 Thread 0x0000017b3bcd7000 Exception <a 'java/net/SocketTimeoutException'{0x00000000c8fdf800}: Read timed out> (0x00000000c8fdf800) thrown at [./src/hotspot/share/prims/jni.cpp, line 636]
Event: 108.330 Thread 0x0000017b3bcd0800 Exception <a 'java/net/SocketTimeoutException'{0x00000000c8e14180}: Read timed out> (0x00000000c8e14180) thrown at [./src/hotspot/share/prims/jni.cpp, line 636]
Event: 108.330 Thread 0x0000017b3bcce000 Exception <a 'java/net/SocketTimeoutException'{0x00000000c8e15dc0}: Read timed out> (0x00000000c8e15dc0) thrown at [./src/hotspot/share/prims/jni.cpp, line 636]
Event: 109.009 Thread 0x0000017b3bcdb000 Exception <a 'java/net/SocketTimeoutException'{0x00000000c96aa910}: Read timed out> (0x00000000c96aa910) thrown at [./src/hotspot/share/prims/jni.cpp, line 636]
Event: 109.009 Thread 0x0000017b3bcd1000 Exception <a 'java/net/SocketTimeoutException'{0x00000000c9548ac8}: Read timed out> (0x00000000c9548ac8) thrown at [./src/hotspot/share/prims/jni.cpp, line 636]
Event: 109.009 Thread 0x0000017b3bcd7000 Exception <a 'java/net/SocketTimeoutException'{0x00000000c953f2f8}: Read timed out> (0x00000000c953f2f8) thrown at [./src/hotspot/share/prims/jni.cpp, line 636]
Event: 109.009 Thread 0x0000017b3bcd6000 Exception <a 'java/net/SocketTimeoutException'{0x00000000c9524b10}: Read timed out> (0x00000000c9524b10) thrown at [./src/hotspot/share/prims/jni.cpp, line 636]
Event: 110.438 Thread 0x0000017b3bcd0800 Exception <a 'sun/nio/fs/WindowsException'{0x00000000c91f4d98}> (0x00000000c91f4d98) thrown at [./src/hotspot/share/prims/jni.cpp, line 615]
Event: 110.624 Thread 0x0000017b3bcd1000 Exception <a 'sun/nio/fs/WindowsException'{0x00000000c8f6a698}> (0x00000000c8f6a698) thrown at [./src/hotspot/share/prims/jni.cpp, line 615]
Event: 110.838 Thread 0x0000017b3bcdb000 Exception <a 'sun/nio/fs/WindowsException'{0x00000000c902b918}> (0x00000000c902b918) thrown at [./src/hotspot/share/prims/jni.cpp, line 615]
Event: 110.984 Thread 0x0000017b3bcd6000 Exception <a 'sun/nio/fs/WindowsException'{0x00000000c926be68}> (0x00000000c926be68) thrown at [./src/hotspot/share/prims/jni.cpp, line 615]
Event: 111.098 Thread 0x0000017b3bcd4800 Exception <a 'sun/nio/fs/WindowsException'{0x00000000c940d9a8}> (0x00000000c940d9a8) thrown at [./src/hotspot/share/prims/jni.cpp, line 615]
Event: 111.191 Thread 0x0000017b3bcd0800 Exception <a 'sun/nio/fs/WindowsException'{0x00000000cd800c48}> (0x00000000cd800c48) thrown at [./src/hotspot/share/prims/jni.cpp, line 615]

Events (20 events):
Event: 111.365 Executing VM operation: RevokeBias done
Event: 111.377 Executing VM operation: RevokeBias
Event: 111.379 Executing VM operation: RevokeBias done
Event: 111.388 Executing VM operation: RevokeBias
Event: 111.389 Executing coalesced safepoint VM operation: RevokeBias
Event: 111.389 Executing coalesced safepoint VM operation: RevokeBias done
Event: 111.389 Executing VM operation: RevokeBias done
Event: 111.410 Executing VM operation: G1CollectForAllocation
Event: 111.414 Executing VM operation: G1CollectForAllocation done
Event: 111.451 Executing VM operation: G1CollectForAllocation
Event: 111.455 Executing VM operation: G1CollectForAllocation done
Event: 111.625 Executing VM operation: G1CollectForAllocation
Event: 111.630 Executing VM operation: G1CollectForAllocation done
Event: 111.793 Executing VM operation: RevokeBias
Event: 111.794 Executing VM operation: RevokeBias done
Event: 111.851 Executing VM operation: RevokeBias
Event: 111.863 Executing VM operation: RevokeBias done
Event: 111.868 Executing VM operation: RevokeBias
Event: 111.868 Executing VM operation: RevokeBias done
Event: 111.892 Executing VM operation: G1CollectForAllocation


Dynamic libraries:
0x00007ff6f8a90000 - 0x00007ff6f8a9a000 	D:\AndroidStudio\jre\bin\java.exe
0x00007ff87bb00000 - 0x00007ff87bd07000 	C:\WINDOWS\SYSTEM32\ntdll.dll
0x00007ff87a730000 - 0x00007ff87a7ed000 	C:\WINDOWS\System32\KERNEL32.DLL
0x00007ff879270000 - 0x00007ff8795e4000 	C:\WINDOWS\System32\KERNELBASE.dll
0x00007ff879870000 - 0x00007ff879981000 	C:\WINDOWS\System32\ucrtbase.dll
0x00007ff827d00000 - 0x00007ff827d19000 	D:\AndroidStudio\jre\bin\jli.dll
0x00007ff827a90000 - 0x00007ff827aa7000 	D:\AndroidStudio\jre\bin\VCRUNTIME140.dll
0x00007ff87b6e0000 - 0x00007ff87b88c000 	C:\WINDOWS\System32\USER32.dll
0x00007ff879050000 - 0x00007ff879076000 	C:\WINDOWS\System32\win32u.dll
0x00007ff87a150000 - 0x00007ff87a179000 	C:\WINDOWS\System32\GDI32.dll
0x00007ff879690000 - 0x00007ff8797a2000 	C:\WINDOWS\System32\gdi32full.dll
0x00007ff8795f0000 - 0x00007ff87968d000 	C:\WINDOWS\System32\msvcp_win.dll
0x00007ff85ace0000 - 0x00007ff85af85000 	C:\WINDOWS\WinSxS\amd64_microsoft.windows.common-controls_6595b64144ccf1df_6.0.22000.120_none_9d947278b86cc467\COMCTL32.dll
0x00007ff87b940000 - 0x00007ff87b9e3000 	C:\WINDOWS\System32\msvcrt.dll
0x00007ff87ae70000 - 0x00007ff87aea1000 	C:\WINDOWS\System32\IMM32.DLL
0x00007ff820500000 - 0x00007ff82059d000 	D:\AndroidStudio\jre\bin\msvcp140.dll
0x00007fffe74c0000 - 0x00007fffe7f8f000 	D:\AndroidStudio\jre\bin\server\jvm.dll
0x00007ff87b890000 - 0x00007ff87b93c000 	C:\WINDOWS\System32\ADVAPI32.dll
0x00007ff87a5e0000 - 0x00007ff87a67d000 	C:\WINDOWS\System32\sechost.dll
0x00007ff87a180000 - 0x00007ff87a2a1000 	C:\WINDOWS\System32\RPCRT4.dll
0x00007ff87a480000 - 0x00007ff87a488000 	C:\WINDOWS\System32\PSAPI.DLL
0x00007ff86eb60000 - 0x00007ff86eb69000 	C:\WINDOWS\SYSTEM32\WSOCK32.dll
0x00007ff86e6a0000 - 0x00007ff86e6d3000 	C:\WINDOWS\SYSTEM32\WINMM.dll
0x00007ff87ac60000 - 0x00007ff87accf000 	C:\WINDOWS\System32\WS2_32.dll
0x00007ff86ddd0000 - 0x00007ff86ddda000 	C:\WINDOWS\SYSTEM32\VERSION.dll
0x00007ff8781f0000 - 0x00007ff878208000 	C:\WINDOWS\SYSTEM32\kernel.appcore.dll
0x00007ff86eb70000 - 0x00007ff86eb81000 	D:\AndroidStudio\jre\bin\verify.dll
0x00007ff876cf0000 - 0x00007ff876f11000 	C:\WINDOWS\SYSTEM32\DBGHELP.DLL
0x00007ff851bd0000 - 0x00007ff851c01000 	C:\WINDOWS\SYSTEM32\dbgcore.DLL
0x00007ff879080000 - 0x00007ff8790ff000 	C:\WINDOWS\System32\bcryptPrimitives.dll
0x00007ff84ddd0000 - 0x00007ff84ddf9000 	D:\AndroidStudio\jre\bin\java.dll
0x00007ff875220000 - 0x00007ff87522b000 	D:\AndroidStudio\jre\bin\jimage.dll
0x00007ff862780000 - 0x00007ff862798000 	D:\AndroidStudio\jre\bin\zip.dll
0x00007ff8799a0000 - 0x00007ff87a14e000 	C:\WINDOWS\System32\SHELL32.dll
0x00007ff877180000 - 0x00007ff8779e7000 	C:\WINDOWS\SYSTEM32\windows.storage.dll
0x00007ff87b360000 - 0x00007ff87b6d8000 	C:\WINDOWS\System32\combase.dll
0x00007ff877010000 - 0x00007ff877176000 	C:\WINDOWS\SYSTEM32\wintypes.dll
0x00007ff87a2b0000 - 0x00007ff87a39a000 	C:\WINDOWS\System32\SHCORE.dll
0x00007ff87ba60000 - 0x00007ff87babd000 	C:\WINDOWS\System32\shlwapi.dll
0x00007ff878f10000 - 0x00007ff878f31000 	C:\WINDOWS\SYSTEM32\profapi.dll
0x00007ff84e2a0000 - 0x00007ff84e2ba000 	D:\AndroidStudio\jre\bin\net.dll
0x00007ff86d970000 - 0x00007ff86da7c000 	C:\WINDOWS\SYSTEM32\WINHTTP.dll
0x00007ff878600000 - 0x00007ff878667000 	C:\WINDOWS\system32\mswsock.dll
0x00007ff84e280000 - 0x00007ff84e294000 	D:\AndroidStudio\jre\bin\nio.dll
0x00007ff82c200000 - 0x00007ff82c227000 	C:\Users\Scherzo\.gradle\native\fdc75f09e3144964f2cf3f50f0aa648679c211496f362492102eb8c894070792\windows-amd64\native-platform.dll
0x00007ff80c490000 - 0x00007ff80c626000 	C:\Users\Scherzo\.gradle\native\12488b8bf47d2d4c9fbf2f6322a914ad602e24e48041cd04a747c6da556b65c4\windows-amd64\native-platform-file-events.dll
0x00007ff862620000 - 0x00007ff86262a000 	D:\AndroidStudio\jre\bin\management.dll
0x00007ff85c850000 - 0x00007ff85c85c000 	D:\AndroidStudio\jre\bin\management_ext.dll
0x00007ff878840000 - 0x00007ff878858000 	C:\WINDOWS\SYSTEM32\CRYPTSP.dll
0x00007ff878150000 - 0x00007ff878185000 	C:\WINDOWS\system32\rsaenh.dll
0x00007ff8786f0000 - 0x00007ff878719000 	C:\WINDOWS\SYSTEM32\USERENV.dll
0x00007ff8789c0000 - 0x00007ff8789e7000 	C:\WINDOWS\SYSTEM32\bcrypt.dll
0x00007ff878860000 - 0x00007ff87886c000 	C:\WINDOWS\SYSTEM32\CRYPTBASE.dll
0x00007ff877c30000 - 0x00007ff877c5d000 	C:\WINDOWS\SYSTEM32\IPHLPAPI.DLL
0x00007ff87ac50000 - 0x00007ff87ac59000 	C:\WINDOWS\System32\NSI.dll
0x00007ff86d550000 - 0x00007ff86d569000 	C:\WINDOWS\SYSTEM32\dhcpcsvc6.DLL
0x00007ff86e180000 - 0x00007ff86e19e000 	C:\WINDOWS\SYSTEM32\dhcpcsvc.DLL
0x00007ff877c60000 - 0x00007ff877d47000 	C:\WINDOWS\SYSTEM32\DNSAPI.dll
0x00007ff86cb00000 - 0x00007ff86cb0c000 	C:\WINDOWS\SYSTEM32\WINNSI.DLL
0x00007ff857a00000 - 0x00007ff857a27000 	D:\AndroidStudio\jre\bin\sunec.dll
0x00007ff85d470000 - 0x00007ff85d47a000 	C:\Windows\System32\rasadhlp.dll
0x00007ff86b3f0000 - 0x00007ff86b471000 	C:\WINDOWS\System32\fwpuclnt.dll
0x00007ff8765f0000 - 0x00007ff876624000 	C:\WINDOWS\SYSTEM32\ntmarta.dll

dbghelp: loaded successfully - version: 4.0.5 - missing functions: none
symbol engine: initialized successfully - sym options: 0x614 - pdb path: .;D:\AndroidStudio\jre\bin;C:\WINDOWS\SYSTEM32;C:\WINDOWS\WinSxS\amd64_microsoft.windows.common-controls_6595b64144ccf1df_6.0.22000.120_none_9d947278b86cc467;D:\AndroidStudio\jre\bin\server;C:\Users\Scherzo\.gradle\native\fdc75f09e3144964f2cf3f50f0aa648679c211496f362492102eb8c894070792\windows-amd64;C:\Users\Scherzo\.gradle\native\12488b8bf47d2d4c9fbf2f6322a914ad602e24e48041cd04a747c6da556b65c4\windows-amd64

VM Arguments:
jvm_args: --add-opens=java.base/java.util=ALL-UNNAMED --add-opens=java.base/java.lang=ALL-UNNAMED --add-opens=java.base/java.lang.invoke=ALL-UNNAMED --add-opens=java.prefs/java.util.prefs=ALL-UNNAMED -Xmx1024m -Dfile.encoding=windows-1252 -Duser.country=ID -Duser.language=en -Duser.variant 
java_command: org.gradle.launcher.daemon.bootstrap.GradleDaemon 6.7.1
java_class_path (initial): C:\Users\Scherzo\.gradle\wrapper\dists\gradle-6.7.1-all\2moa8rlfac5eqlcfgk98k0deb\gradle-6.7.1\lib\gradle-launcher-6.7.1.jar
Launcher Type: SUN_STANDARD

[Global flags]
     intx CICompilerCount                          = 4                                         {product} {ergonomic}
     uint ConcGCThreads                            = 2                                         {product} {ergonomic}
     uint G1ConcRefinementThreads                  = 8                                         {product} {ergonomic}
   size_t G1HeapRegionSize                         = 1048576                                   {product} {ergonomic}
    uintx GCDrainStackTargetSize                   = 64                                        {product} {ergonomic}
   size_t InitialHeapSize                          = 132120576                                 {product} {ergonomic}
   size_t MarkStackSize                            = 4194304                                   {product} {ergonomic}
   size_t MaxHeapSize                              = 1073741824                                {product} {command line}
   size_t MaxNewSize                               = 643825664                                 {product} {ergonomic}
   size_t MinHeapDeltaBytes                        = 1048576                                   {product} {ergonomic}
    uintx NonNMethodCodeHeapSize                   = 5836300                                {pd product} {ergonomic}
    uintx NonProfiledCodeHeapSize                  = 122910970                              {pd product} {ergonomic}
    uintx ProfiledCodeHeapSize                     = 122910970                              {pd product} {ergonomic}
    uintx ReservedCodeCacheSize                    = 251658240                              {pd product} {ergonomic}
     bool SegmentedCodeCache                       = true                                      {product} {ergonomic}
     bool UseCompressedClassPointers               = true                                 {lp64_product} {ergonomic}
     bool UseCompressedOops                        = true                                 {lp64_product} {ergonomic}
     bool UseG1GC                                  = true                                      {product} {ergonomic}
     bool UseLargePagesIndividualAllocation        = false                                  {pd product} {ergonomic}

Logging:
Log output configuration:
 #0: stdout all=warning uptime,level,tags
 #1: stderr all=off uptime,level,tags

Environment Variables:
PATH=C:\Program Files (x86)\Common Files\Intel\Shared Libraries\redist\intel64\compiler;C:\windows\system32;C:\windows;C:\windows\System32\Wbem;C:\windows\System32\WindowsPowerShell\v1.0\;C:\windows\System32\OpenSSH\;C:\Program Files (x86)\NVIDIA Corporation\PhysX\Common;C:\Program Files\NVIDIA Corporation\NVIDIA NvDLISR;C:\WINDOWS\system32;C:\WINDOWS;C:\WINDOWS\System32\Wbem;C:\WINDOWS\System32\WindowsPowerShell\v1.0\;C:\WINDOWS\System32\OpenSSH\;C:\Users\Scherzo\AppData\Local\Microsoft\WindowsApps;;C:\Users\Scherzo\AppData\Local\Programs\Microsoft VS Code\bin
USERNAME=Scherzo
OS=Windows_NT
PROCESSOR_IDENTIFIER=Intel64 Family 6 Model 126 Stepping 5, GenuineIntel



---------------  S Y S T E M  ---------------

OS: Windows 10 , 64 bit Build 22000 (10.0.22000.318)
OS uptime: 1 days 6:08 hours

CPU:total 8 (initial active 8) (4 cores per cpu, 2 threads per core) family 6 model 126 stepping 5 microcode 0xa0, cmov, cx8, fxsr, mmx, sse, sse2, sse3, ssse3, sse4.1, sse4.2, popcnt, avx, avx2, aes, clmul, erms, 3dnowpref, lzcnt, ht, tsc, tscinvbit, bmi1, bmi2, adx, evex, sha, fma

Memory: 4k page, system-wide physical 7969M (355M free)
TotalPageFile size 23810M (AvailPageFile size 74M)
current process WorkingSet (physical memory assigned to process): 483M, peak: 483M
current process commit charge ("private bytes"): 535M, peak: 677M

vm_info: OpenJDK 64-Bit Server VM (11.0.10+0-b96-7249189) for windows-amd64 JRE (11.0.10+0-b96-7249189), built on Mar 31 2021 21:44:00 by "builder" with MS VC++ 14.0 (VS2015)

END.
